0 silly input []
1 silly flags { _: [ 'bootstrap' ],
1 silly flags   'reject-cycles': false,
1 silly flags   rejectCycles: false,
1 silly flags   args: [] }
2 verbose rootPath C:\Users\m24ma\Documents\projekty\libs\react-schema-form
3 info version 2.11.0
4 silly existsSync C:\Users\m24ma\Documents\projekty\libs\react-schema-form\VERSION
5 silly initialize attempt
6 silly npmConfig { registry: undefined,
6 silly npmConfig   npmClient: 'yarn',
6 silly npmConfig   npmClientArgs: undefined,
6 silly npmConfig   mutex: 'network:42424' }
7 silly initialize success
8 silly execute attempt
9 info Bootstrapping 10 packages
10 silly installInDirOriginalPackageJson C:\Users\m24ma\Documents\projekty\libs\react-schema-form
11 silly getExecOpts { cwd:
11 silly getExecOpts    'C:\\Users\\m24ma\\Documents\\projekty\\libs\\react-schema-form' }
12 silly installInDir [ 'yarn',
12 silly installInDir   [ 'install', '--mutex', 'network:42424', '--non-interactive' ] ]
13 error execute callback with error
14 error Error: Command failed: yarn install --mutex network:42424 --non-interactive
14 error (node:60540) [DEP0005] DeprecationWarning: Buffer() is deprecated due to security and usability issues. Please use the Buffer.alloc(), Buffer.allocUnsafe(), or Buffer.from() methods instead.
14 error error Couldn't find package "@react-schema-form/components-bootstrap@^1.0.0" required by "@react-schema-form/bootstrap@1.0.0" on the "npm" registry.
14 error yarn install v1.7.0
14 error [1/4] Resolving packages...
14 error info Visit https://yarnpkg.com/en/docs/cli/install for documentation about this command.
14 error
14 error     at Promise.all.then.arr (C:\Users\m24ma\AppData\Roaming\npm\node_modules\lerna\node_modules\execa\index.js:236:11)
